00:00:00.004396 main     VirtualBox COM Server 7.1.2 r164945 win.amd64 (Sep 26 2024 15:43:09) release log
00:00:00.004402 main     Log opened 2025-11-10T15:25:55.637383700Z
00:00:00.004402 main     Build Type: release
00:00:00.004412 main     OS Product: Windows 11
00:00:00.004413 main     OS Release: 10.0.26100
00:00:00.004414 main     OS Service Pack: 
00:00:00.109900 main     DMI Product Name: Predator PH315-52
00:00:00.126677 main     DMI Product Version: V1.12
00:00:00.126686 main     Firmware type: UEFI
00:00:00.127319 main     Secure Boot: Disabled
00:00:00.127342 main     Host RAM: 16223MB (15.8GB) total, 5627MB (5.4GB) available
00:00:00.127353 main     Executable: C:\Program Files\Oracle\VirtualBox\VBoxSVC.exe
00:00:00.127354 main     Process ID: 21772
00:00:00.127355 main     Package type: WINDOWS_64BITS_GENERIC
00:00:00.127361 main     Windows Features:
00:00:00.127362 main       Core Isolation (Memory Integrity): Not supported
00:00:00.222223          VirtualBox: object creation starts
00:00:00.222545          Home directory: 'C:\Users\Usuario 1\.VirtualBox'
00:00:00.222806          Installed Drivers:
00:00:00.242268          Loading settings file "C:\Users\Usuario 1\.VirtualBox\VirtualBox.xml" with version "1.12-windows"
00:00:00.245225          usbLibGetDevices: Starting USB device enumeration
00:00:00.287150          Getting USB descriptor (id 0) failed (dwErr=31) on hub USB#ROOT_HUB30#4&36a854b4&0&0#{f18a0e88-c30c-11d0-8815-00a0c906bed8} port 7
00:00:00.287245          Getting USB descriptor (id 0) failed (dwErr=31) on hub USB#ROOT_HUB30#4&36a854b4&0&0#{f18a0e88-c30c-11d0-8815-00a0c906bed8} port 14
00:00:00.290041          usbLibGetDevices: Found 3 USB devices, 0 captured
00:00:00.290149          USB: Unknown USB device detected (idVendor: 0x04f2, idProduct: 0xb64f)
00:00:00.290183          USB: Unknown USB device detected (idVendor: 0x8087, idProduct: 0x0029)
00:00:00.420638          netIfIsWireless: CreateFile on '\\.\{3E6EFC71-CDE2-40B9-ABD0-3438AE12C0F0}' failed with rcWin=2 (0x2) - ignoring
00:00:00.421553          netIfIsWireless: CreateFile on '\\.\{DA1FD2D6-8959-4B1A-8403-F867D0257009}' failed with rcWin=2 (0x2) - ignoring
00:00:00.435820          HostDnsMonitor: initializing
00:00:00.453010          HostDnsMonitor: updating information
00:00:00.453043          HostDnsMonitor: old information
00:00:00.453044            no server entries
00:00:00.453045            no domain set
00:00:00.453045            no search string entries
00:00:00.453046          HostDnsMonitor: new information
00:00:00.453046            server 1: 8.8.8.8
00:00:00.453047            server 2: 1.1.1.1
00:00:00.453048            no domain set
00:00:00.453048            no search string entries
00:00:00.557022          VD: VDInit finished with VINF_SUCCESS
00:00:00.567887          Platform architecture set to 'x86'
00:00:00.569367          Loading settings file "C:\Users\Usuario 1\VirtualBox VMs\LinuxAct2\LinuxAct2.vbox" with version "1.19-windows"
00:00:00.569705          Platform architecture set to 'x86'
00:00:00.570564          VirtualBox: object created
00:00:00.946734          Saving settings file "C:\Users\Usuario 1\.VirtualBox\VirtualBox.xml" with version "1.12-windows"
00:00:00.951116          Finished saving settings file "C:\Users\Usuario 1\.VirtualBox\VirtualBox.xml"
00:00:00.951401          Saving settings file "C:\Users\Usuario 1\.VirtualBox\VirtualBox.xml" with version "1.12-windows"
00:00:00.954702          Finished saving settings file "C:\Users\Usuario 1\.VirtualBox\VirtualBox.xml"
00:00:00.954926          Saving settings file "C:\Users\Usuario 1\.VirtualBox\VirtualBox.xml" with version "1.12-windows"
00:00:00.958104          Finished saving settings file "C:\Users\Usuario 1\.VirtualBox\VirtualBox.xml"
00:00:02.304863          ERROR [COM]: aRC=VBOX_E_OBJECT_NOT_FOUND (0x80bb0001) aIID={5bfd8965-b81b-469f-8649-f717ce97a5d5} aComponent={NvramStoreWrap} aText={The UEFI NVRAM file is not existing for this machine}, preserve=false aResultDetail=0
00:00:02.482140          ERROR [COM]: aRC=VBOX_E_INVALID_VM_STATE (0x80bb0002) aIID={e36a5081-a82a-40bd-9e4e-42a44d6ce50f} aComponent={MachineWrap} aText={The machine is not mutable, saved or running (state is PoweredOff)}, preserve=false aResultDetail=0
00:00:04.367414          Launched VM: 926899696 pid: 26908 (0x691c) frontend: GUI/Qt name: LinuxAct2
00:00:04.445528          ERROR [COM]: aRC=VBOX_E_OBJECT_NOT_FOUND (0x80bb0001) aIID={5bfd8965-b81b-469f-8649-f717ce97a5d5} aComponent={NvramStoreWrap} aText={The UEFI NVRAM file is not existing for this machine}, preserve=false aResultDetail=0
00:00:04.487180          ERROR [COM]: aRC=VBOX_E_INVALID_VM_STATE (0x80bb0002) aIID={e36a5081-a82a-40bd-9e4e-42a44d6ce50f} aComponent={MachineWrap} aText={The machine is not mutable, saved or running (state is PoweredOff)}, preserve=false aResultDetail=0
00:00:11.676113          Platform architecture set to 'x86'
00:00:11.840341          ERROR [COM]: aRC=VBOX_E_OBJECT_NOT_FOUND (0x80bb0001) aIID={5bfd8965-b81b-469f-8649-f717ce97a5d5} aComponent={NvramStoreWrap} aText={The UEFI NVRAM file is not existing for this machine}, preserve=false aResultDetail=0
00:00:11.847002          ERROR [COM]: aRC=VBOX_E_INVALID_VM_STATE (0x80bb0002) aIID={e36a5081-a82a-40bd-9e4e-42a44d6ce50f} aComponent={MachineWrap} aText={The machine is not mutable, saved or running (state is PoweredOff)}, preserve=false aResultDetail=0
00:00:12.740113          ERROR [COM]: aRC=VBOX_E_OBJECT_NOT_FOUND (0x80bb0001) aIID={70401eef-c8e9-466b-9660-45cb3e9979e4} aComponent={ExtPackManagerWrap} aText={No extension pack by the name 'Oracle VirtualBox Extension Pack' was found}, preserve=false aResultDetail=0
00:00:12.812159          ERROR [COM]: aRC=E_FAIL (0x80004005) aIID={bea3ef5c-de2f-4b74-aa3a-15d6249371a0} aComponent={RecordingSettingsWrap} aText={Recording not started}, preserve=false aResultDetail=0
00:00:15.410134          netIfIsWireless: CreateFile on '\\.\{3E6EFC71-CDE2-40B9-ABD0-3438AE12C0F0}' failed with rcWin=2 (0x2) - ignoring
00:00:15.411062          netIfIsWireless: CreateFile on '\\.\{DA1FD2D6-8959-4B1A-8403-F867D0257009}' failed with rcWin=2 (0x2) - ignoring
00:00:15.600245          ERROR [COM]: aRC=E_FAIL (0x80004005) aIID={bea3ef5c-de2f-4b74-aa3a-15d6249371a0} aComponent={RecordingSettingsWrap} aText={Recording not started}, preserve=false aResultDetail=0
00:00:15.610426          ERROR [COM]: aRC=VBOX_E_OBJECT_NOT_FOUND (0x80bb0001) aIID={5bfd8965-b81b-469f-8649-f717ce97a5d5} aComponent={NvramStoreWrap} aText={The UEFI NVRAM file is not existing for this machine}, preserve=false aResultDetail=0
00:00:15.615562          ERROR [COM]: aRC=VBOX_E_INVALID_VM_STATE (0x80bb0002) aIID={e36a5081-a82a-40bd-9e4e-42a44d6ce50f} aComponent={SessionMachine} aText={The machine is not mutable or saved (state is Starting)}, preserve=false aResultDetail=0
00:00:15.638011          ERROR [COM]: aRC=VBOX_E_INVALID_VM_STATE (0x80bb0002) aIID={e36a5081-a82a-40bd-9e4e-42a44d6ce50f} aComponent={MachineWrap} aText={The machine is not mutable, saved or running (state is Starting)}, preserve=false aResultDetail=0
00:00:15.702513          ERROR [COM]: aRC=VBOX_E_INVALID_VM_STATE (0x80bb0002) aIID={e36a5081-a82a-40bd-9e4e-42a44d6ce50f} aComponent={SessionMachine} aText={The machine is not mutable or saved (state is Starting)}, preserve=false aResultDetail=0
00:00:16.904242          ERROR [COM]: aRC=VBOX_E_OBJECT_NOT_FOUND (0x80bb0001) aIID={7d510820-a678-4730-a862-818dcd3fbed0} aComponent={MediumWrap} aText={Property 'CRYPT/KeyId' does not exist}, preserve=false aResultDetail=0
00:00:16.905256          HostDnsMonitorProxy::GetDomainName: no domain set
00:00:16.905345          HostDnsMonitorProxy::GetNameServers:
00:00:16.905360            name server 1: 8.8.8.8
00:00:16.905367            name server 2: 1.1.1.1
00:00:16.905451          HostDnsMonitorProxy::GetSearchStrings:
00:00:16.905465            no search string entries
00:00:16.944061          ERROR [COM]: aRC=E_FAIL (0x80004005) aIID={bea3ef5c-de2f-4b74-aa3a-15d6249371a0} aComponent={RecordingSettingsWrap} aText={Recording not started}, preserve=false aResultDetail=0
00:00:17.003367          ERROR [COM]: aRC=VBOX_E_OBJECT_NOT_FOUND (0x80bb0001) aIID={5bfd8965-b81b-469f-8649-f717ce97a5d5} aComponent={NvramStoreWrap} aText={The UEFI NVRAM file is not existing for this machine}, preserve=false aResultDetail=0
00:00:17.080963          ERROR [COM]: aRC=VBOX_E_INVALID_VM_STATE (0x80bb0002) aIID={e36a5081-a82a-40bd-9e4e-42a44d6ce50f} aComponent={MachineWrap} aText={The machine is not mutable, saved or running (state is Running)}, preserve=false aResultDetail=0
00:01:39.889549 dns-monitor HostDnsMonitor: updating information
00:01:39.889602 dns-monitor HostDnsMonitor: old information
00:01:39.889611 dns-monitor   server 1: 8.8.8.8
00:01:39.889619 dns-monitor   server 2: 1.1.1.1
00:01:39.889624 dns-monitor   no domain set
00:01:39.889633 dns-monitor   no search string entries
00:01:39.889643 dns-monitor HostDnsMonitor: new information
00:01:39.889648 dns-monitor   server 1: 10.104.237.156
00:01:39.889654 dns-monitor   no domain set
00:01:39.889659 dns-monitor   no search string entries
00:01:39.890378          HostDnsMonitorProxy::GetDomainName: no domain set
00:01:39.890495          HostDnsMonitorProxy::GetNameServers:
00:01:39.890516            name server 1: 10.104.237.156
00:01:39.890639          HostDnsMonitorProxy::GetSearchStrings:
00:01:39.890656            no search string entries
00:02:25.947436          Saving settings file "C:\Users\Usuario 1\VirtualBox VMs\LinuxAct2\LinuxAct2.vbox" with version "1.19-windows"
00:02:25.968390          Finished saving settings file "C:\Users\Usuario 1\VirtualBox VMs\LinuxAct2\LinuxAct2.vbox"
00:02:25.982146          ERROR [COM]: aRC=VBOX_E_OBJECT_NOT_FOUND (0x80bb0001) aIID={5bfd8965-b81b-469f-8649-f717ce97a5d5} aComponent={NvramStoreWrap} aText={The UEFI NVRAM file is not existing for this machine}, preserve=false aResultDetail=0
00:02:25.997797          ERROR [COM]: aRC=VBOX_E_INVALID_VM_STATE (0x80bb0002) aIID={e36a5081-a82a-40bd-9e4e-42a44d6ce50f} aComponent={MachineWrap} aText={The machine is not mutable, saved or running (state is Running)}, preserve=false aResultDetail=0
00:02:28.068429          Saving settings file "C:\Users\Usuario 1\VirtualBox VMs\LinuxAct2\LinuxAct2.vbox" with version "1.19-windows"
00:02:28.080159          Finished saving settings file "C:\Users\Usuario 1\VirtualBox VMs\LinuxAct2\LinuxAct2.vbox"
00:02:28.089891          ERROR [COM]: aRC=VBOX_E_OBJECT_NOT_FOUND (0x80bb0001) aIID={5bfd8965-b81b-469f-8649-f717ce97a5d5} aComponent={NvramStoreWrap} aText={The UEFI NVRAM file is not existing for this machine}, preserve=false aResultDetail=0
00:02:28.105586          ERROR [COM]: aRC=VBOX_E_INVALID_VM_STATE (0x80bb0002) aIID={e36a5081-a82a-40bd-9e4e-42a44d6ce50f} aComponent={MachineWrap} aText={The machine is not mutable, saved or running (state is Running)}, preserve=false aResultDetail=0
00:02:52.669150 dns-monitor HostDnsMonitor: updating information
00:02:52.669184 dns-monitor HostDnsMonitor: unchanged
00:05:16.608138 dns-monitor HostDnsMonitor: updating information
00:05:16.608171 dns-monitor HostDnsMonitor: unchanged
00:16:43.005842 USBPROXY usbLibGetDevices: Starting USB device enumeration
00:16:43.042936 USBPROXY Getting USB descriptor (id 0) failed (dwErr=31) on hub USB#ROOT_HUB30#4&36a854b4&0&0#{f18a0e88-c30c-11d0-8815-00a0c906bed8} port 7
00:16:43.043173 USBPROXY Getting USB descriptor (id 0) failed (dwErr=31) on hub USB#ROOT_HUB30#4&36a854b4&0&0#{f18a0e88-c30c-11d0-8815-00a0c906bed8} port 14
00:16:43.043891 USBPROXY usbLibGetDevices: Found 3 USB devices, 0 captured
00:20:16.759864 dns-monitor HostDnsMonitor: updating information
00:20:16.759895 dns-monitor HostDnsMonitor: unchanged
00:31:39.032810 dns-monitor HostDnsMonitor: updating information
00:31:39.032909 dns-monitor HostDnsMonitor: unchanged
00:35:17.106461 dns-monitor HostDnsMonitor: updating information
00:35:17.106499 dns-monitor HostDnsMonitor: unchanged
00:43:53.747782 USBPROXY usbLibGetDevices: Starting USB device enumeration
00:43:53.782432 USBPROXY Getting USB descriptor (id 0) failed (dwErr=31) on hub USB#ROOT_HUB30#4&36a854b4&0&0#{f18a0e88-c30c-11d0-8815-00a0c906bed8} port 14
00:43:53.782711 USBPROXY usbLibGetDevices: Found 2 USB devices, 0 captured
00:43:55.750071 USBPROXY usbLibGetDevices: Starting USB device enumeration
00:43:55.789084 USBPROXY Getting USB descriptor (id 0) failed (dwErr=31) on hub USB#ROOT_HUB30#4&36a854b4&0&0#{f18a0e88-c30c-11d0-8815-00a0c906bed8} port 14
00:43:55.789370 USBPROXY usbLibGetDevices: Found 3 USB devices, 0 captured
00:50:17.227990 dns-monitor HostDnsMonitor: updating information
00:50:17.228017 dns-monitor HostDnsMonitor: unchanged
01:01:38.396633 dns-monitor HostDnsMonitor: updating information
01:01:38.396740 dns-monitor HostDnsMonitor: unchanged
01:02:52.675518 dns-monitor HostDnsMonitor: updating information
01:02:52.675550 dns-monitor HostDnsMonitor: unchanged
01:05:17.472776 dns-monitor HostDnsMonitor: updating information
01:05:17.472798 dns-monitor HostDnsMonitor: unchanged
01:20:16.601385 dns-monitor HostDnsMonitor: updating information
01:20:16.601413 dns-monitor HostDnsMonitor: unchanged
01:31:36.833853 dns-monitor HostDnsMonitor: updating information
01:31:36.833939 dns-monitor HostDnsMonitor: unchanged
01:35:16.927572 dns-monitor HostDnsMonitor: updating information
01:35:16.927611 dns-monitor HostDnsMonitor: unchanged
01:50:17.043058 dns-monitor HostDnsMonitor: updating information
01:50:17.043091 dns-monitor HostDnsMonitor: unchanged
02:01:36.169911 dns-monitor HostDnsMonitor: updating information
02:01:36.169994 dns-monitor HostDnsMonitor: unchanged
02:02:52.669194 dns-monitor HostDnsMonitor: updating information
02:02:52.669224 dns-monitor HostDnsMonitor: unchanged
02:05:17.260307 dns-monitor HostDnsMonitor: updating information
02:05:17.260341 dns-monitor HostDnsMonitor: unchanged
02:15:10.221315 dns-monitor HostDnsMonitor: updating information
02:15:10.221340 dns-monitor HostDnsMonitor: unchanged
02:20:17.374865 dns-monitor HostDnsMonitor: updating information
02:20:17.374898 dns-monitor HostDnsMonitor: unchanged
02:35:17.485481 dns-monitor HostDnsMonitor: updating information
02:35:17.485561 dns-monitor HostDnsMonitor: unchanged
02:38:14.653939          Saving settings file "C:\Users\Usuario 1\VirtualBox VMs\LinuxAct2\LinuxAct2.vbox" with version "1.19-windows"
02:38:14.658024          Finished saving settings file "C:\Users\Usuario 1\VirtualBox VMs\LinuxAct2\LinuxAct2.vbox"
02:38:14.693790          ERROR [COM]: aRC=VBOX_E_OBJECT_NOT_FOUND (0x80bb0001) aIID={5bfd8965-b81b-469f-8649-f717ce97a5d5} aComponent={NvramStoreWrap} aText={The UEFI NVRAM file is not existing for this machine}, preserve=false aResultDetail=0
02:38:14.710284          ERROR [COM]: aRC=VBOX_E_INVALID_VM_STATE (0x80bb0002) aIID={e36a5081-a82a-40bd-9e4e-42a44d6ce50f} aComponent={MachineWrap} aText={The machine is not mutable, saved or running (state is Running)}, preserve=false aResultDetail=0
02:38:26.130985          Saving settings file "C:\Users\Usuario 1\VirtualBox VMs\LinuxAct2\LinuxAct2.vbox" with version "1.19-windows"
02:38:26.142957          Finished saving settings file "C:\Users\Usuario 1\VirtualBox VMs\LinuxAct2\LinuxAct2.vbox"
02:38:26.153631          ERROR [COM]: aRC=VBOX_E_OBJECT_NOT_FOUND (0x80bb0001) aIID={5bfd8965-b81b-469f-8649-f717ce97a5d5} aComponent={NvramStoreWrap} aText={The UEFI NVRAM file is not existing for this machine}, preserve=false aResultDetail=0
02:38:26.168020          ERROR [COM]: aRC=VBOX_E_INVALID_VM_STATE (0x80bb0002) aIID={e36a5081-a82a-40bd-9e4e-42a44d6ce50f} aComponent={MachineWrap} aText={The machine is not mutable, saved or running (state is Running)}, preserve=false aResultDetail=0
02:40:17.552547          Saving settings file "C:\Users\Usuario 1\VirtualBox VMs\LinuxAct2\LinuxAct2.vbox" with version "1.19-windows"
02:40:17.572854          Finished saving settings file "C:\Users\Usuario 1\VirtualBox VMs\LinuxAct2\LinuxAct2.vbox"
02:40:17.590390          ERROR [COM]: aRC=VBOX_E_OBJECT_NOT_FOUND (0x80bb0001) aIID={5bfd8965-b81b-469f-8649-f717ce97a5d5} aComponent={NvramStoreWrap} aText={The UEFI NVRAM file is not existing for this machine}, preserve=false aResultDetail=0
02:40:17.607884          ERROR [COM]: aRC=VBOX_E_INVALID_VM_STATE (0x80bb0002) aIID={e36a5081-a82a-40bd-9e4e-42a44d6ce50f} aComponent={MachineWrap} aText={The machine is not mutable, saved or running (state is Running)}, preserve=false aResultDetail=0
02:41:29.256431          Saving settings file "C:\Users\Usuario 1\VirtualBox VMs\LinuxAct2\LinuxAct2.vbox" with version "1.19-windows"
02:41:29.261198          Finished saving settings file "C:\Users\Usuario 1\VirtualBox VMs\LinuxAct2\LinuxAct2.vbox"
02:41:29.272553          ERROR [COM]: aRC=VBOX_E_OBJECT_NOT_FOUND (0x80bb0001) aIID={5bfd8965-b81b-469f-8649-f717ce97a5d5} aComponent={NvramStoreWrap} aText={The UEFI NVRAM file is not existing for this machine}, preserve=false aResultDetail=0
02:41:29.287777          ERROR [COM]: aRC=VBOX_E_INVALID_VM_STATE (0x80bb0002) aIID={e36a5081-a82a-40bd-9e4e-42a44d6ce50f} aComponent={MachineWrap} aText={The machine is not mutable, saved or running (state is Running)}, preserve=false aResultDetail=0
02:41:31.428307          Saving settings file "C:\Users\Usuario 1\VirtualBox VMs\LinuxAct2\LinuxAct2.vbox" with version "1.19-windows"
02:41:31.440558          Finished saving settings file "C:\Users\Usuario 1\VirtualBox VMs\LinuxAct2\LinuxAct2.vbox"
02:41:31.456211          ERROR [COM]: aRC=VBOX_E_OBJECT_NOT_FOUND (0x80bb0001) aIID={5bfd8965-b81b-469f-8649-f717ce97a5d5} aComponent={NvramStoreWrap} aText={The UEFI NVRAM file is not existing for this machine}, preserve=false aResultDetail=0
02:41:31.472208          ERROR [COM]: aRC=VBOX_E_INVALID_VM_STATE (0x80bb0002) aIID={e36a5081-a82a-40bd-9e4e-42a44d6ce50f} aComponent={MachineWrap} aText={The machine is not mutable, saved or running (state is Running)}, preserve=false aResultDetail=0
02:41:34.396307          Saving settings file "C:\Users\Usuario 1\VirtualBox VMs\LinuxAct2\LinuxAct2.vbox" with version "1.19-windows"
02:41:34.407892          Finished saving settings file "C:\Users\Usuario 1\VirtualBox VMs\LinuxAct2\LinuxAct2.vbox"
02:41:34.416348          ERROR [COM]: aRC=VBOX_E_OBJECT_NOT_FOUND (0x80bb0001) aIID={5bfd8965-b81b-469f-8649-f717ce97a5d5} aComponent={NvramStoreWrap} aText={The UEFI NVRAM file is not existing for this machine}, preserve=false aResultDetail=0
02:41:34.430466          ERROR [COM]: aRC=VBOX_E_INVALID_VM_STATE (0x80bb0002) aIID={e36a5081-a82a-40bd-9e4e-42a44d6ce50f} aComponent={MachineWrap} aText={The machine is not mutable, saved or running (state is Running)}, preserve=false aResultDetail=0
02:43:56.510383          Saving settings file "C:\Users\Usuario 1\VirtualBox VMs\LinuxAct2\LinuxAct2.vbox" with version "1.19-windows"
02:43:56.526773          Finished saving settings file "C:\Users\Usuario 1\VirtualBox VMs\LinuxAct2\LinuxAct2.vbox"
02:43:56.542620          ERROR [COM]: aRC=VBOX_E_OBJECT_NOT_FOUND (0x80bb0001) aIID={5bfd8965-b81b-469f-8649-f717ce97a5d5} aComponent={NvramStoreWrap} aText={The UEFI NVRAM file is not existing for this machine}, preserve=false aResultDetail=0
02:43:56.555848          ERROR [COM]: aRC=VBOX_E_INVALID_VM_STATE (0x80bb0002) aIID={e36a5081-a82a-40bd-9e4e-42a44d6ce50f} aComponent={MachineWrap} aText={The machine is not mutable, saved or running (state is Running)}, preserve=false aResultDetail=0
02:45:08.803996 dns-monitor HostDnsMonitor: updating information
02:45:08.804024 dns-monitor HostDnsMonitor: unchanged
02:50:16.876158 dns-monitor HostDnsMonitor: updating information
02:50:16.876192 dns-monitor HostDnsMonitor: unchanged
02:52:41.649062          Saving settings file "C:\Users\Usuario 1\VirtualBox VMs\LinuxAct2\LinuxAct2.vbox" with version "1.19-windows"
02:52:41.669588          Finished saving settings file "C:\Users\Usuario 1\VirtualBox VMs\LinuxAct2\LinuxAct2.vbox"
02:52:41.680752          ERROR [COM]: aRC=VBOX_E_OBJECT_NOT_FOUND (0x80bb0001) aIID={5bfd8965-b81b-469f-8649-f717ce97a5d5} aComponent={NvramStoreWrap} aText={The UEFI NVRAM file is not existing for this machine}, preserve=false aResultDetail=0
02:52:41.695576          ERROR [COM]: aRC=VBOX_E_INVALID_VM_STATE (0x80bb0002) aIID={e36a5081-a82a-40bd-9e4e-42a44d6ce50f} aComponent={MachineWrap} aText={The machine is not mutable, saved or running (state is Running)}, preserve=false aResultDetail=0
02:52:53.554334          Saving settings file "C:\Users\Usuario 1\VirtualBox VMs\LinuxAct2\LinuxAct2.vbox" with version "1.19-windows"
02:52:53.557891          Finished saving settings file "C:\Users\Usuario 1\VirtualBox VMs\LinuxAct2\LinuxAct2.vbox"
02:52:53.567959          ERROR [COM]: aRC=VBOX_E_OBJECT_NOT_FOUND (0x80bb0001) aIID={5bfd8965-b81b-469f-8649-f717ce97a5d5} aComponent={NvramStoreWrap} aText={The UEFI NVRAM file is not existing for this machine}, preserve=false aResultDetail=0
02:52:53.581890          ERROR [COM]: aRC=VBOX_E_INVALID_VM_STATE (0x80bb0002) aIID={e36a5081-a82a-40bd-9e4e-42a44d6ce50f} aComponent={MachineWrap} aText={The machine is not mutable, saved or running (state is Running)}, preserve=false aResultDetail=0
03:02:52.670607 dns-monitor HostDnsMonitor: updating information
03:02:52.670641 dns-monitor HostDnsMonitor: unchanged
03:05:17.030883 dns-monitor HostDnsMonitor: updating information
03:05:17.030918 dns-monitor HostDnsMonitor: unchanged
03:15:08.304732 dns-monitor HostDnsMonitor: updating information
03:15:08.304823 dns-monitor HostDnsMonitor: unchanged
03:20:17.380988 dns-monitor HostDnsMonitor: updating information
03:20:17.381018 dns-monitor HostDnsMonitor: unchanged
03:21:51.289601          Saving settings file "C:\Users\Usuario 1\VirtualBox VMs\LinuxAct2\LinuxAct2.vbox" with version "1.19-windows"
03:21:51.293673          Finished saving settings file "C:\Users\Usuario 1\VirtualBox VMs\LinuxAct2\LinuxAct2.vbox"
03:21:51.311459          ERROR [COM]: aRC=VBOX_E_OBJECT_NOT_FOUND (0x80bb0001) aIID={5bfd8965-b81b-469f-8649-f717ce97a5d5} aComponent={NvramStoreWrap} aText={The UEFI NVRAM file is not existing for this machine}, preserve=false aResultDetail=0
03:21:51.326220          ERROR [COM]: aRC=VBOX_E_INVALID_VM_STATE (0x80bb0002) aIID={e36a5081-a82a-40bd-9e4e-42a44d6ce50f} aComponent={MachineWrap} aText={The machine is not mutable, saved or running (state is Running)}, preserve=false aResultDetail=0
03:23:00.366668          Saving settings file "C:\Users\Usuario 1\VirtualBox VMs\LinuxAct2\LinuxAct2.vbox" with version "1.19-windows"
03:23:00.380299          Finished saving settings file "C:\Users\Usuario 1\VirtualBox VMs\LinuxAct2\LinuxAct2.vbox"
03:23:00.388591          ERROR [COM]: aRC=VBOX_E_OBJECT_NOT_FOUND (0x80bb0001) aIID={5bfd8965-b81b-469f-8649-f717ce97a5d5} aComponent={NvramStoreWrap} aText={The UEFI NVRAM file is not existing for this machine}, preserve=false aResultDetail=0
03:23:00.401405          ERROR [COM]: aRC=VBOX_E_INVALID_VM_STATE (0x80bb0002) aIID={e36a5081-a82a-40bd-9e4e-42a44d6ce50f} aComponent={MachineWrap} aText={The machine is not mutable, saved or running (state is Running)}, preserve=false aResultDetail=0
03:23:05.537566          Saving settings file "C:\Users\Usuario 1\VirtualBox VMs\LinuxAct2\LinuxAct2.vbox" with version "1.19-windows"
03:23:05.558073          Finished saving settings file "C:\Users\Usuario 1\VirtualBox VMs\LinuxAct2\LinuxAct2.vbox"
03:23:05.571317          ERROR [COM]: aRC=VBOX_E_OBJECT_NOT_FOUND (0x80bb0001) aIID={5bfd8965-b81b-469f-8649-f717ce97a5d5} aComponent={NvramStoreWrap} aText={The UEFI NVRAM file is not existing for this machine}, preserve=false aResultDetail=0
03:23:05.586985          ERROR [COM]: aRC=VBOX_E_INVALID_VM_STATE (0x80bb0002) aIID={e36a5081-a82a-40bd-9e4e-42a44d6ce50f} aComponent={MachineWrap} aText={The machine is not mutable, saved or running (state is Running)}, preserve=false aResultDetail=0
03:23:10.069820          Saving settings file "C:\Users\Usuario 1\VirtualBox VMs\LinuxAct2\LinuxAct2.vbox" with version "1.19-windows"
03:23:10.091765          Finished saving settings file "C:\Users\Usuario 1\VirtualBox VMs\LinuxAct2\LinuxAct2.vbox"
03:23:10.101428          ERROR [COM]: aRC=VBOX_E_OBJECT_NOT_FOUND (0x80bb0001) aIID={5bfd8965-b81b-469f-8649-f717ce97a5d5} aComponent={NvramStoreWrap} aText={The UEFI NVRAM file is not existing for this machine}, preserve=false aResultDetail=0
03:23:10.114243          ERROR [COM]: aRC=VBOX_E_INVALID_VM_STATE (0x80bb0002) aIID={e36a5081-a82a-40bd-9e4e-42a44d6ce50f} aComponent={MachineWrap} aText={The machine is not mutable, saved or running (state is Running)}, preserve=false aResultDetail=0
03:23:12.445331          Saving settings file "C:\Users\Usuario 1\VirtualBox VMs\LinuxAct2\LinuxAct2.vbox" with version "1.19-windows"
03:23:12.466327          Finished saving settings file "C:\Users\Usuario 1\VirtualBox VMs\LinuxAct2\LinuxAct2.vbox"
03:23:12.475908          ERROR [COM]: aRC=VBOX_E_OBJECT_NOT_FOUND (0x80bb0001) aIID={5bfd8965-b81b-469f-8649-f717ce97a5d5} aComponent={NvramStoreWrap} aText={The UEFI NVRAM file is not existing for this machine}, preserve=false aResultDetail=0
03:23:12.490147          ERROR [COM]: aRC=VBOX_E_INVALID_VM_STATE (0x80bb0002) aIID={e36a5081-a82a-40bd-9e4e-42a44d6ce50f} aComponent={MachineWrap} aText={The machine is not mutable, saved or running (state is Running)}, preserve=false aResultDetail=0
03:23:14.490612          Saving settings file "C:\Users\Usuario 1\VirtualBox VMs\LinuxAct2\LinuxAct2.vbox" with version "1.19-windows"
03:23:14.511461          Finished saving settings file "C:\Users\Usuario 1\VirtualBox VMs\LinuxAct2\LinuxAct2.vbox"
03:23:14.522820          ERROR [COM]: aRC=VBOX_E_OBJECT_NOT_FOUND (0x80bb0001) aIID={5bfd8965-b81b-469f-8649-f717ce97a5d5} aComponent={NvramStoreWrap} aText={The UEFI NVRAM file is not existing for this machine}, preserve=false aResultDetail=0
03:23:14.537637          ERROR [COM]: aRC=VBOX_E_INVALID_VM_STATE (0x80bb0002) aIID={e36a5081-a82a-40bd-9e4e-42a44d6ce50f} aComponent={MachineWrap} aText={The machine is not mutable, saved or running (state is Running)}, preserve=false aResultDetail=0
03:35:17.496282 dns-monitor HostDnsMonitor: updating information
03:35:17.496316 dns-monitor HostDnsMonitor: unchanged
03:43:38.519669 USBPROXY usbLibGetDevices: Starting USB device enumeration
03:43:38.555198 USBPROXY Getting USB descriptor (id 0) failed (dwErr=31) on hub USB#ROOT_HUB30#4&36a854b4&0&0#{f18a0e88-c30c-11d0-8815-00a0c906bed8} port 14
03:43:38.565207 USBPROXY usbLibGetDevices: Found 2 USB devices, 0 captured
03:43:39.368392 USBPROXY usbLibGetDevices: Starting USB device enumeration
03:43:39.406523 USBPROXY Getting USB descriptor (id 0) failed (dwErr=31) on hub USB#ROOT_HUB30#4&36a854b4&0&0#{f18a0e88-c30c-11d0-8815-00a0c906bed8} port 14
03:43:39.406818 USBPROXY usbLibGetDevices: Found 3 USB devices, 0 captured
03:43:39.776240 MainPower Host suspending: Paused 1 VMs
03:43:39.864437          ERROR [COM]: aRC=E_FAIL (0x80004005) aIID={bea3ef5c-de2f-4b74-aa3a-15d6249371a0} aComponent={RecordingSettingsWrap} aText={Recording not started}, preserve=false aResultDetail=0
03:43:39.882818          ERROR [COM]: aRC=VBOX_E_OBJECT_NOT_FOUND (0x80bb0001) aIID={5bfd8965-b81b-469f-8649-f717ce97a5d5} aComponent={NvramStoreWrap} aText={The UEFI NVRAM file is not existing for this machine}, preserve=false aResultDetail=0
03:43:39.907939          ERROR [COM]: aRC=VBOX_E_INVALID_VM_STATE (0x80bb0002) aIID={e36a5081-a82a-40bd-9e4e-42a44d6ce50f} aComponent={MachineWrap} aText={The machine is not mutable, saved or running (state is Paused)}, preserve=false aResultDetail=0
03:59:07.269653 MainPower Host resumed: Resumed 1 VMs
03:59:09.502398          ERROR [COM]: aRC=VBOX_E_OBJECT_NOT_FOUND (0x80bb0001) aIID={5bfd8965-b81b-469f-8649-f717ce97a5d5} aComponent={NvramStoreWrap} aText={The UEFI NVRAM file is not existing for this machine}, preserve=false aResultDetail=0
03:59:09.511181          ERROR [COM]: aRC=E_FAIL (0x80004005) aIID={bea3ef5c-de2f-4b74-aa3a-15d6249371a0} aComponent={RecordingSettingsWrap} aText={Recording not started}, preserve=false aResultDetail=0
03:59:09.678937          ERROR [COM]: aRC=VBOX_E_INVALID_VM_STATE (0x80bb0002) aIID={e36a5081-a82a-40bd-9e4e-42a44d6ce50f} aComponent={MachineWrap} aText={The machine is not mutable, saved or running (state is Running)}, preserve=false aResultDetail=0
03:59:09.775387 dns-monitor HostDnsMonitor: updating information
03:59:09.775456 dns-monitor HostDnsMonitor: old information
03:59:09.775475 dns-monitor   server 1: 10.104.237.156
03:59:09.775490 dns-monitor   no domain set
03:59:09.775502 dns-monitor   no search string entries
03:59:09.775515 dns-monitor HostDnsMonitor: new information
03:59:09.775526 dns-monitor   no server entries
03:59:09.775538 dns-monitor   no domain set
03:59:09.775549 dns-monitor   no search string entries
03:59:09.778526          HostDnsMonitorProxy::GetDomainName: no domain set
03:59:09.779279          HostDnsMonitorProxy::GetNameServers:
03:59:09.779314            no name server entries
03:59:09.779643          HostDnsMonitorProxy::GetSearchStrings:
03:59:09.779671            no search string entries
03:59:10.242124 USBPROXY usbLibGetDevices: Starting USB device enumeration
03:59:10.242928 USBPROXY usbLibDevGetHubPortDevices: No DriverKey on hub USB#ROOT_HUB30#4&36a854b4&0&0#{f18a0e88-c30c-11d0-8815-00a0c906bed8} port 7
03:59:10.242972 USBPROXY usbLibDevCfgDrGet: IOCTL_USB_GET_DESCRIPTOR_FROM_NODE_CONNECTION #1 failed (dwErr=433) on hub USB#ROOT_HUB30#4&36a854b4&0&0#{f18a0e88-c30c-11d0-8815-00a0c906bed8} port 7
03:59:10.257902 USBPROXY Getting USB descriptor (id 0) failed (dwErr=31) on hub USB#ROOT_HUB30#4&36a854b4&0&0#{f18a0e88-c30c-11d0-8815-00a0c906bed8} port 14
03:59:10.756724 USBPROXY usbLibGetDevices: Found 2 USB devices, 0 captured
03:59:10.771062 USBPROXY USB: Unknown USB device detected (idVendor: 0x0000, idProduct: 0x0000)
03:59:11.887154 USBPROXY usbLibGetDevices: Starting USB device enumeration
03:59:11.990998 USBPROXY Getting USB descriptor (id 0) failed (dwErr=31) on hub USB#ROOT_HUB30#4&36a854b4&0&0#{f18a0e88-c30c-11d0-8815-00a0c906bed8} port 7
03:59:11.991411 USBPROXY Getting USB descriptor (id 0) failed (dwErr=31) on hub USB#ROOT_HUB30#4&36a854b4&0&0#{f18a0e88-c30c-11d0-8815-00a0c906bed8} port 14
03:59:11.992186 USBPROXY usbLibGetDevices: Found 3 USB devices, 0 captured
03:59:11.995772 USBPROXY USB: Unknown USB device detected (idVendor: 0x04f2, idProduct: 0xb64f)
03:59:24.949131 dns-monitor HostDnsMonitor: updating information
03:59:24.949170 dns-monitor HostDnsMonitor: old information
03:59:24.949186 dns-monitor   no server entries
03:59:24.949201 dns-monitor   no domain set
03:59:24.949213 dns-monitor   no search string entries
03:59:24.949235 dns-monitor HostDnsMonitor: new information
03:59:24.949247 dns-monitor   server 1: 80.58.61.254
03:59:24.949260 dns-monitor   server 2: 80.58.61.250
03:59:24.949273 dns-monitor   no domain set
03:59:24.949284 dns-monitor   no search string entries
03:59:24.950576          HostDnsMonitorProxy::GetDomainName: no domain set
03:59:24.950764          HostDnsMonitorProxy::GetNameServers:
03:59:24.950795            name server 1: 80.58.61.254
03:59:24.950822            name server 2: 80.58.61.250
03:59:24.951011          HostDnsMonitorProxy::GetSearchStrings:
03:59:24.951042            no search string entries
04:14:10.179987 dns-monitor HostDnsMonitor: updating information
04:14:10.180034 dns-monitor HostDnsMonitor: unchanged
04:14:23.153345          Saving settings file "C:\Users\Usuario 1\VirtualBox VMs\LinuxAct2\LinuxAct2.vbox" with version "1.19-windows"
04:14:23.159349          Finished saving settings file "C:\Users\Usuario 1\VirtualBox VMs\LinuxAct2\LinuxAct2.vbox"
04:14:23.200125          ERROR [COM]: aRC=VBOX_E_OBJECT_NOT_FOUND (0x80bb0001) aIID={5bfd8965-b81b-469f-8649-f717ce97a5d5} aComponent={NvramStoreWrap} aText={The UEFI NVRAM file is not existing for this machine}, preserve=false aResultDetail=0
04:14:23.226350          ERROR [COM]: aRC=VBOX_E_INVALID_VM_STATE (0x80bb0002) aIID={e36a5081-a82a-40bd-9e4e-42a44d6ce50f} aComponent={MachineWrap} aText={The machine is not mutable, saved or running (state is Running)}, preserve=false aResultDetail=0
04:14:36.039160          Saving settings file "C:\Users\Usuario 1\VirtualBox VMs\LinuxAct2\LinuxAct2.vbox" with version "1.19-windows"
04:14:36.060546          Finished saving settings file "C:\Users\Usuario 1\VirtualBox VMs\LinuxAct2\LinuxAct2.vbox"
04:14:36.072302          ERROR [COM]: aRC=VBOX_E_OBJECT_NOT_FOUND (0x80bb0001) aIID={5bfd8965-b81b-469f-8649-f717ce97a5d5} aComponent={NvramStoreWrap} aText={The UEFI NVRAM file is not existing for this machine}, preserve=false aResultDetail=0
04:14:36.092658          ERROR [COM]: aRC=VBOX_E_INVALID_VM_STATE (0x80bb0002) aIID={e36a5081-a82a-40bd-9e4e-42a44d6ce50f} aComponent={MachineWrap} aText={The machine is not mutable, saved or running (state is Running)}, preserve=false aResultDetail=0
04:14:39.105318          Saving settings file "C:\Users\Usuario 1\VirtualBox VMs\LinuxAct2\LinuxAct2.vbox" with version "1.19-windows"
04:14:39.123908          Finished saving settings file "C:\Users\Usuario 1\VirtualBox VMs\LinuxAct2\LinuxAct2.vbox"
04:14:39.169706          ERROR [COM]: aRC=VBOX_E_OBJECT_NOT_FOUND (0x80bb0001) aIID={5bfd8965-b81b-469f-8649-f717ce97a5d5} aComponent={NvramStoreWrap} aText={The UEFI NVRAM file is not existing for this machine}, preserve=false aResultDetail=0
04:14:39.231733          ERROR [COM]: aRC=VBOX_E_INVALID_VM_STATE (0x80bb0002) aIID={e36a5081-a82a-40bd-9e4e-42a44d6ce50f} aComponent={MachineWrap} aText={The machine is not mutable, saved or running (state is Running)}, preserve=false aResultDetail=0
04:14:40.896966          Saving settings file "C:\Users\Usuario 1\VirtualBox VMs\LinuxAct2\LinuxAct2.vbox" with version "1.19-windows"
04:14:40.918394          Finished saving settings file "C:\Users\Usuario 1\VirtualBox VMs\LinuxAct2\LinuxAct2.vbox"
04:14:40.929418          ERROR [COM]: aRC=VBOX_E_OBJECT_NOT_FOUND (0x80bb0001) aIID={5bfd8965-b81b-469f-8649-f717ce97a5d5} aComponent={NvramStoreWrap} aText={The UEFI NVRAM file is not existing for this machine}, preserve=false aResultDetail=0
04:14:40.948523          ERROR [COM]: aRC=VBOX_E_INVALID_VM_STATE (0x80bb0002) aIID={e36a5081-a82a-40bd-9e4e-42a44d6ce50f} aComponent={MachineWrap} aText={The machine is not mutable, saved or running (state is Running)}, preserve=false aResultDetail=0
04:18:13.421518 dns-monitor HostDnsMonitor: updating information
04:18:13.421561 dns-monitor HostDnsMonitor: unchanged
04:24:12.095482 USBPROXY usbLibGetDevices: Starting USB device enumeration
04:24:12.374687 USBPROXY Getting USB descriptor (id 0) failed (dwErr=31) on hub USB#ROOT_HUB30#4&36a854b4&0&0#{f18a0e88-c30c-11d0-8815-00a0c906bed8} port 14
04:24:12.375230 USBPROXY usbLibGetDevices: Found 2 USB devices, 0 captured
04:24:14.382242 USBPROXY usbLibGetDevices: Starting USB device enumeration
04:24:14.422244 USBPROXY Getting USB descriptor (id 0) failed (dwErr=31) on hub USB#ROOT_HUB30#4&36a854b4&0&0#{f18a0e88-c30c-11d0-8815-00a0c906bed8} port 14
04:24:14.422658 USBPROXY usbLibGetDevices: Found 3 USB devices, 0 captured
04:29:10.392481 dns-monitor HostDnsMonitor: updating information
04:29:10.392518 dns-monitor HostDnsMonitor: unchanged
04:44:10.492822 dns-monitor HostDnsMonitor: updating information
04:44:10.492910 dns-monitor HostDnsMonitor: unchanged
04:59:09.609920 dns-monitor HostDnsMonitor: updating information
04:59:09.609953 dns-monitor HostDnsMonitor: unchanged
05:06:56.414480 MainPower Host suspending: Paused 1 VMs
05:06:56.468580          ERROR [COM]: aRC=E_FAIL (0x80004005) aIID={bea3ef5c-de2f-4b74-aa3a-15d6249371a0} aComponent={RecordingSettingsWrap} aText={Recording not started}, preserve=false aResultDetail=0
05:06:56.476344          ERROR [COM]: aRC=VBOX_E_OBJECT_NOT_FOUND (0x80bb0001) aIID={5bfd8965-b81b-469f-8649-f717ce97a5d5} aComponent={NvramStoreWrap} aText={The UEFI NVRAM file is not existing for this machine}, preserve=false aResultDetail=0
05:06:56.499716          ERROR [COM]: aRC=VBOX_E_INVALID_VM_STATE (0x80bb0002) aIID={e36a5081-a82a-40bd-9e4e-42a44d6ce50f} aComponent={MachineWrap} aText={The machine is not mutable, saved or running (state is Paused)}, preserve=false aResultDetail=0
05:25:42.154985 MainPower Host resumed: Resumed 1 VMs
05:25:43.528821 USBPROXY usbLibGetDevices: Starting USB device enumeration
05:25:43.688969          ERROR [COM]: aRC=VBOX_E_OBJECT_NOT_FOUND (0x80bb0001) aIID={5bfd8965-b81b-469f-8649-f717ce97a5d5} aComponent={NvramStoreWrap} aText={The UEFI NVRAM file is not existing for this machine}, preserve=false aResultDetail=0
05:25:43.704603          ERROR [COM]: aRC=E_FAIL (0x80004005) aIID={bea3ef5c-de2f-4b74-aa3a-15d6249371a0} aComponent={RecordingSettingsWrap} aText={Recording not started}, preserve=false aResultDetail=0
05:25:43.720471          ERROR [COM]: aRC=VBOX_E_INVALID_VM_STATE (0x80bb0002) aIID={e36a5081-a82a-40bd-9e4e-42a44d6ce50f} aComponent={MachineWrap} aText={The machine is not mutable, saved or running (state is Running)}, preserve=false aResultDetail=0
05:25:43.826595 USBPROXY Getting USB descriptor (id 0) failed (dwErr=31) on hub USB#ROOT_HUB30#4&36a854b4&0&0#{f18a0e88-c30c-11d0-8815-00a0c906bed8} port 14
05:25:43.826948 USBPROXY usbLibGetDevices: Found 2 USB devices, 0 captured
05:25:44.264550 dns-monitor HostDnsMonitor: updating information
05:25:44.264595 dns-monitor HostDnsMonitor: unchanged
05:26:13.472514 USBPROXY usbLibGetDevices: Starting USB device enumeration
05:26:13.511994 USBPROXY Getting USB descriptor (id 0) failed (dwErr=31) on hub USB#ROOT_HUB30#4&36a854b4&0&0#{f18a0e88-c30c-11d0-8815-00a0c906bed8} port 14
05:26:13.512254 USBPROXY usbLibGetDevices: Found 3 USB devices, 0 captured
05:30:17.900144 USBPROXY usbLibGetDevices: Starting USB device enumeration
05:30:17.938348 USBPROXY Getting USB descriptor (id 0) failed (dwErr=31) on hub USB#ROOT_HUB30#4&36a854b4&0&0#{f18a0e88-c30c-11d0-8815-00a0c906bed8} port 14
05:30:17.938607 USBPROXY usbLibGetDevices: Found 3 USB devices, 0 captured
05:36:52.360135 dns-monitor HostDnsMonitor: updating information
05:36:52.360167 dns-monitor HostDnsMonitor: unchanged
05:40:44.868885 dns-monitor HostDnsMonitor: updating information
05:40:44.868922 dns-monitor HostDnsMonitor: unchanged
05:55:45.021392 dns-monitor HostDnsMonitor: updating information
05:55:45.021523 dns-monitor HostDnsMonitor: unchanged
06:10:45.150484 dns-monitor HostDnsMonitor: updating information
06:10:45.150521 dns-monitor HostDnsMonitor: unchanged
06:25:45.291839 dns-monitor HostDnsMonitor: updating information
06:25:45.291930 dns-monitor HostDnsMonitor: unchanged
06:36:52.346831 dns-monitor HostDnsMonitor: updating information
06:36:52.346863 dns-monitor HostDnsMonitor: unchanged
06:40:45.400851 dns-monitor HostDnsMonitor: updating information
06:40:45.400884 dns-monitor HostDnsMonitor: unchanged
06:44:22.501045 USBPROXY usbLibGetDevices: Starting USB device enumeration
06:44:22.548393 USBPROXY Getting USB descriptor (id 0) failed (dwErr=31) on hub USB#ROOT_HUB30#4&36a854b4&0&0#{f18a0e88-c30c-11d0-8815-00a0c906bed8} port 14
06:44:22.549106 USBPROXY usbLibGetDevices: Found 2 USB devices, 0 captured
06:44:24.194924 MainPower Host suspending: Paused 1 VMs
06:44:24.264983          ERROR [COM]: aRC=E_FAIL (0x80004005) aIID={bea3ef5c-de2f-4b74-aa3a-15d6249371a0} aComponent={RecordingSettingsWrap} aText={Recording not started}, preserve=false aResultDetail=0
06:44:24.297041          ERROR [COM]: aRC=VBOX_E_OBJECT_NOT_FOUND (0x80bb0001) aIID={5bfd8965-b81b-469f-8649-f717ce97a5d5} aComponent={NvramStoreWrap} aText={The UEFI NVRAM file is not existing for this machine}, preserve=false aResultDetail=0
06:44:24.321822          ERROR [COM]: aRC=VBOX_E_INVALID_VM_STATE (0x80bb0002) aIID={e36a5081-a82a-40bd-9e4e-42a44d6ce50f} aComponent={MachineWrap} aText={The machine is not mutable, saved or running (state is Paused)}, preserve=false aResultDetail=0
22:26:32.436107 MainPower Host resumed: Resumed 1 VMs
22:26:34.055622          ERROR [COM]: aRC=VBOX_E_OBJECT_NOT_FOUND (0x80bb0001) aIID={5bfd8965-b81b-469f-8649-f717ce97a5d5} aComponent={NvramStoreWrap} aText={The UEFI NVRAM file is not existing for this machine}, preserve=false aResultDetail=0
22:26:34.926351          ERROR [COM]: aRC=E_FAIL (0x80004005) aIID={bea3ef5c-de2f-4b74-aa3a-15d6249371a0} aComponent={RecordingSettingsWrap} aText={Recording not started}, preserve=false aResultDetail=0
22:26:35.418999 dns-monitor HostDnsMonitor: updating information
22:26:35.419182 dns-monitor HostDnsMonitor: old information
22:26:35.419217 dns-monitor   server 1: 80.58.61.254
22:26:35.419235 dns-monitor   server 2: 80.58.61.250
22:26:35.419249 dns-monitor   no domain set
22:26:35.419271 dns-monitor   no search string entries
22:26:35.419295 dns-monitor HostDnsMonitor: new information
22:26:35.419318 dns-monitor   no server entries
22:26:35.419342 dns-monitor   no domain set
22:26:35.419365 dns-monitor   no search string entries
22:26:35.420462          HostDnsMonitorProxy::GetDomainName: no domain set
22:26:35.420655          HostDnsMonitorProxy::GetNameServers:
22:26:35.420687            no name server entries
22:26:35.420899          HostDnsMonitorProxy::GetSearchStrings:
22:26:35.420929            no search string entries
22:26:36.176544          ERROR [COM]: aRC=VBOX_E_INVALID_VM_STATE (0x80bb0002) aIID={e36a5081-a82a-40bd-9e4e-42a44d6ce50f} aComponent={MachineWrap} aText={The machine is not mutable, saved or running (state is Running)}, preserve=false aResultDetail=0
22:26:36.222522 USBPROXY usbLibGetDevices: Starting USB device enumeration
22:26:36.676428 USBPROXY Getting USB descriptor (id 0) failed (dwErr=31) on hub USB#ROOT_HUB30#4&36a854b4&0&0#{f18a0e88-c30c-11d0-8815-00a0c906bed8} port 7
22:26:36.676774 USBPROXY Getting USB descriptor (id 0) failed (dwErr=31) on hub USB#ROOT_HUB30#4&36a854b4&0&0#{f18a0e88-c30c-11d0-8815-00a0c906bed8} port 14
22:26:36.677575 USBPROXY usbLibGetDevices: Found 2 USB devices, 0 captured
22:26:36.679468 USBPROXY USB: Unknown USB device detected (idVendor: 0x04f2, idProduct: 0xb64f)
22:27:39.184902 USBPROXY usbLibGetDevices: Starting USB device enumeration
22:27:39.225684 USBPROXY Getting USB descriptor (id 0) failed (dwErr=31) on hub USB#ROOT_HUB30#4&36a854b4&0&0#{f18a0e88-c30c-11d0-8815-00a0c906bed8} port 14
22:27:39.226210 USBPROXY usbLibGetDevices: Found 3 USB devices, 0 captured
22:27:47.134044 USBPROXY usbLibGetDevices: Starting USB device enumeration
22:27:47.176012 USBPROXY Getting USB descriptor (id 0) failed (dwErr=31) on hub USB#ROOT_HUB30#4&36a854b4&0&0#{f18a0e88-c30c-11d0-8815-00a0c906bed8} port 14
22:27:47.176330 USBPROXY usbLibGetDevices: Found 4 USB devices, 0 captured
22:27:50.166429 USBPROXY usbLibGetDevices: Starting USB device enumeration
22:27:50.208562 USBPROXY Getting USB descriptor (id 0) failed (dwErr=31) on hub USB#ROOT_HUB30#4&36a854b4&0&0#{f18a0e88-c30c-11d0-8815-00a0c906bed8} port 14
22:27:50.208889 USBPROXY usbLibGetDevices: Found 3 USB devices, 0 captured
22:27:53.484836 USBPROXY usbLibGetDevices: Starting USB device enumeration
22:27:53.521544 USBPROXY Getting USB descriptor (id 0) failed (dwErr=31) on hub USB#ROOT_HUB30#4&36a854b4&0&0#{f18a0e88-c30c-11d0-8815-00a0c906bed8} port 14
22:27:53.522124 USBPROXY usbLibGetDevices: Found 3 USB devices, 0 captured
22:35:11.919573 dns-monitor HostDnsMonitor: updating information
22:35:11.919622 dns-monitor HostDnsMonitor: old information
22:35:11.919630 dns-monitor   no server entries
22:35:11.919637 dns-monitor   no domain set
22:35:11.919642 dns-monitor   no search string entries
22:35:11.919647 dns-monitor HostDnsMonitor: new information
22:35:11.919653 dns-monitor   server 1: 8.8.8.8
22:35:11.919658 dns-monitor   server 2: 1.1.1.1
22:35:11.919664 dns-monitor   no domain set
22:35:11.919668 dns-monitor   no search string entries
22:35:11.920889          HostDnsMonitorProxy::GetDomainName: no domain set
22:35:11.920999          HostDnsMonitorProxy::GetNameServers:
22:35:11.921012            name server 1: 8.8.8.8
22:35:11.921019            name server 2: 1.1.1.1
22:35:11.921117          HostDnsMonitorProxy::GetSearchStrings:
22:35:11.921130            no search string entries
22:35:53.772779          ERROR [COM]: aRC=VBOX_E_OBJECT_NOT_FOUND (0x80bb0001) aIID={5bfd8965-b81b-469f-8649-f717ce97a5d5} aComponent={NvramStoreWrap} aText={The UEFI NVRAM file is not existing for this machine}, preserve=false aResultDetail=0
22:35:53.802304          ERROR [COM]: aRC=E_FAIL (0x80004005) aIID={bea3ef5c-de2f-4b74-aa3a-15d6249371a0} aComponent={RecordingSettingsWrap} aText={Recording not started}, preserve=false aResultDetail=0
22:35:53.802515          ERROR [COM]: aRC=VBOX_E_INVALID_VM_STATE (0x80bb0002) aIID={e36a5081-a82a-40bd-9e4e-42a44d6ce50f} aComponent={MachineWrap} aText={The machine is not mutable, saved or running (state is Paused)}, preserve=false aResultDetail=0
22:35:55.047357          ERROR [COM]: aRC=E_FAIL (0x80004005) aIID={bea3ef5c-de2f-4b74-aa3a-15d6249371a0} aComponent={RecordingSettingsWrap} aText={Recording not started}, preserve=false aResultDetail=0
22:35:55.097593          ERROR [COM]: aRC=VBOX_E_OBJECT_NOT_FOUND (0x80bb0001) aIID={5bfd8965-b81b-469f-8649-f717ce97a5d5} aComponent={NvramStoreWrap} aText={The UEFI NVRAM file is not existing for this machine}, preserve=false aResultDetail=0
22:35:55.129501          Saving settings file "C:\Users\Usuario 1\VirtualBox VMs\LinuxAct2\LinuxAct2.vbox" with version "1.19-windows"
22:35:55.136186          Finished saving settings file "C:\Users\Usuario 1\VirtualBox VMs\LinuxAct2\LinuxAct2.vbox"
22:35:55.137310          ERROR [COM]: aRC=VBOX_E_INVALID_VM_STATE (0x80bb0002) aIID={e36a5081-a82a-40bd-9e4e-42a44d6ce50f} aComponent={MachineWrap} aText={The machine is not mutable, saved or running (state is PoweredOff)}, preserve=false aResultDetail=0
22:35:55.160102          ERROR [COM]: aRC=E_FAIL (0x80004005) aIID={bea3ef5c-de2f-4b74-aa3a-15d6249371a0} aComponent={RecordingSettingsWrap} aText={Recording not started}, preserve=false aResultDetail=0
22:35:55.191983          ERROR [COM]: aRC=VBOX_E_OBJECT_NOT_FOUND (0x80bb0001) aIID={5bfd8965-b81b-469f-8649-f717ce97a5d5} aComponent={NvramStoreWrap} aText={The UEFI NVRAM file is not existing for this machine}, preserve=false aResultDetail=0
22:35:55.231200          ERROR [COM]: aRC=VBOX_E_INVALID_VM_STATE (0x80bb0002) aIID={e36a5081-a82a-40bd-9e4e-42a44d6ce50f} aComponent={MachineWrap} aText={The machine is not mutable, saved or running (state is PoweredOff)}, preserve=false aResultDetail=0
22:35:56.032642          ERROR [COM]: aRC=E_INVALIDARG (0x80070057) aIID={e36a5081-a82a-40bd-9e4e-42a44d6ce50f} aComponent={SessionMachine} aText={Properties with TRANSIENT or TRANSRESET flag cannot be set or modified if VM is not running}, preserve=false aResultDetail=0
22:36:02.073704 main     VirtualBox: object deletion starts
22:36:02.074775 main     ERROR [COM]: aRC=VBOX_E_OBJECT_IN_USE (0x80bb000c) aIID={7d510820-a678-4730-a862-818dcd3fbed0} aComponent={MediumWrap} aText={Medium 'C:\Users\Usuario 1\VirtualBox VMs\LinuxAct2\LinuxAct2.vdi' cannot be closed because it is still attached to 1 virtual machines}, preserve=false aResultDetail=0
22:36:02.083100 main     HostDnsMonitor: shutting down ...
22:36:02.083186 main     HostDnsMonitor: shut down
22:36:02.086956 Watcher  ERROR [COM]: aRC=E_ACCESSDENIED (0x80070005) aIID={d644ad1e-c501-4fc7-9ab6-aa6d763bc540} aComponent={VirtualBoxWrap} aText={The object is not ready}, preserve=false aResultDetail=0
22:36:02.087731 main     VirtualBox: object deleted
